<?xml version="1.0" encoding="UTF-8"?>
<!-- Generated by org.testng.reporters.JUnitReportReporter -->
<testsuite skipped="0" hostname="DESKTOP-NNV0D1Q" name="testClass.HomePageTest" tests="2" failures="0" timestamp="20 Jun 2019 16:21:03 GMT" time="14.487" errors="0">
  <testcase name="launchHomePage" time="0.940" classname="testClass.HomePageTest"/>
  <testcase name="DashboardCounts" time="13.547" classname="testClass.HomePageTest"/>
</testsuite> <!-- testClass.HomePageTest -->
