<?xml version="1.0" encoding="UTF-8"?>
<!-- Generated by org.testng.reporters.JUnitReportReporter -->
<testsuite skipped="0" hostname="DESKTOP-NNV0D1Q" name="testClass.StudentCreationTest" tests="2" failures="0" timestamp="21 Jun 2019 17:04:31 GMT" time="20.671" errors="0">
  <testcase name="launchHomePage" time="1.417" classname="testClass.StudentCreationTest"/>
  <testcase name="CreateStudent" time="19.254" classname="testClass.StudentCreationTest"/>
</testsuite> <!-- testClass.StudentCreationTest -->
