<?xml version="1.0" encoding="UTF-8"?>
<!-- Generated by org.testng.reporters.JUnitReportReporter -->
<testsuite hostname="DESKTOP-NNV0D1Q" failures="0" tests="1" name="testClass.HomePageTest" time="0.121" errors="0" timestamp="19 Jun 2019 19:20:27 GMT" skipped="0">
  <testcase classname="testClass.HomePageTest" name="launchHomePage" time="0.121"/>
</testsuite> <!-- testClass.HomePageTest -->
